Arguments: 
  /usr/local/Cellar/node/17.8.0/bin/node /usr/local/Cellar/yarn/1.22.18/libexec/bin/yarn.js add --dev chromatic

PATH: 
  /usr/local/bin:/usr/bin:/bin:/usr/sbin:/sbin:/usr/local/MacGPG2/bin:/Library/Apple/usr/bin

Yarn version: 
  1.22.18

Node version: 
  17.8.0

Platform: 
  darwin x64

Trace: 
  SyntaxError: /Users/Ken/Desktop/workflows/package.json: Unexpected token { in JSON at position 57
      at JSON.parse (<anonymous>)
      at /usr/local/Cellar/yarn/1.22.18/libexec/lib/cli.js:1625:59
      at Generator.next (<anonymous>)
      at step (/usr/local/Cellar/yarn/1.22.18/libexec/lib/cli.js:310:30)
      at /usr/local/Cellar/yarn/1.22.18/libexec/lib/cli.js:321:13

npm manifest: 
  {
    "devDependencies": {
      "chromatic": "^6.5.3"
    }
    {
      "scripts": {
        "chromatic": "chromatic --project-token 8ccfa4ac6582"
      }
    }
  }

yarn manifest: 
  No manifest

Lockfile: 
  # THIS IS AN AUTOGENERATED FILE. DO NOT EDIT THIS FILE DIRECTLY.
  # yarn lockfile v1
  
  
  chromatic@^6.5.3:
    version "6.5.3"
    resolved "https://registry.yarnpkg.com/chromatic/-/chromatic-6.5.3.tgz#dd96e6df6d2ed9d0c79277dc18b06a089080ce62"
    integrity sha512-6Wy2lsNaojY5wTvobE3WV5VrQ5oP7B8kal6zWGrxu9g7Qbenb2cTcQ5SYgQY7tzT0Ed0zeHVyQm4TMmKz+XfXA==
